<?xml version="1.0" encoding="UTF-8"?>
<testng-results ignored="0" total="2" passed="2" failed="0" skipped="0">
  <reporter-output>
  </reporter-output>
  <suite started-at="2020-08-22T02:51:17Z" name="Suite1" finished-at="2020-08-22T02:51:29Z" duration-ms="12027">
    <groups>
    </groups>
    <test started-at="2020-08-22T02:51:17Z" name="Regression" finished-at="2020-08-22T02:51:29Z" duration-ms="12027">
      <class name="com.itnycusa.creditCard.tc.UserAbleToValidateHeadBandComponents">
        <test-method is-config="true" signature="BeforeClass()[pri:0, instance:com.itnycusa.creditCard.tc.UserAbleToValidateHeadBandComponents@194fad1]" started-at="2020-08-21T22:51:23Z" name="BeforeClass" finished-at="2020-08-21T22:51:24Z" duration-ms="1065" status="PASS">
          <reporter-output>
          </reporter-output>
        </test-method> <!-- BeforeClass -->
        <test-method is-config="true" signature="beforeMethod()[pri:0, instance:com.itnycusa.creditCard.tc.UserAbleToValidateHeadBandComponents@194fad1]" started-at="2020-08-21T22:51:24Z" name="beforeMethod" finished-at="2020-08-21T22:51:29Z" duration-ms="4649" status="PASS">
          <reporter-output>
          </reporter-output>
        </test-method> <!-- beforeMethod -->
        <test-method signature="userAbleToValidateHeadBandComponents()[pri:0, instance:com.itnycusa.creditCard.tc.UserAbleToValidateHeadBandComponents@194fad1]" started-at="2020-08-21T22:51:29Z" name="userAbleToValidateHeadBandComponents" finished-at="2020-08-21T22:51:29Z" duration-ms="80" status="PASS">
          <reporter-output>
          </reporter-output>
        </test-method> <!-- userAbleToValidateHeadBandComponents -->
        <test-method is-config="true" signature="afterMethod()[pri:0, instance:com.itnycusa.creditCard.tc.UserAbleToValidateHeadBandComponents@194fad1]" started-at="2020-08-21T22:51:29Z" name="afterMethod" finished-at="2020-08-21T22:51:29Z" duration-ms="0" status="PASS">
          <reporter-output>
          </reporter-output>
        </test-method> <!-- afterMethod -->
        <test-method is-config="true" signature="AfterClass()[pri:0, instance:com.itnycusa.creditCard.tc.UserAbleToValidateHeadBandComponents@194fad1]" started-at="2020-08-21T22:51:29Z" name="AfterClass" finished-at="2020-08-21T22:51:29Z" duration-ms="197" status="PASS">
          <reporter-output>
          </reporter-output>
        </test-method> <!-- AfterClass -->
      </class> <!-- com.itnycusa.creditCard.tc.UserAbleToValidateHeadBandComponents -->
      <class name="com.itnycusa.creditCard.tc.UserAbleToValidateTitle">
        <test-method is-config="true" signature="BeforeClass()[pri:0, instance:com.itnycusa.creditCard.tc.UserAbleToValidateTitle@f1da57d]" started-at="2020-08-21T22:51:17Z" name="BeforeClass" finished-at="2020-08-21T22:51:18Z" duration-ms="1491" status="PASS">
          <reporter-output>
          </reporter-output>
        </test-method> <!-- BeforeClass -->
        <test-method is-config="true" signature="beforeMethod()[pri:0, instance:com.itnycusa.creditCard.tc.UserAbleToValidateTitle@f1da57d]" started-at="2020-08-21T22:51:18Z" name="beforeMethod" finished-at="2020-08-21T22:51:23Z" duration-ms="4332" status="PASS">
          <reporter-output>
          </reporter-output>
        </test-method> <!-- beforeMethod -->
        <test-method signature="userAbleToValidateTitle()[pri:0, instance:com.itnycusa.creditCard.tc.UserAbleToValidateTitle@f1da57d]" started-at="2020-08-21T22:51:23Z" name="userAbleToValidateTitle" finished-at="2020-08-21T22:51:23Z" duration-ms="191" status="PASS">
          <reporter-output>
          </reporter-output>
        </test-method> <!-- userAbleToValidateTitle -->
        <test-method is-config="true" signature="afterMethod()[pri:0, instance:com.itnycusa.creditCard.tc.UserAbleToValidateTitle@f1da57d]" started-at="2020-08-21T22:51:23Z" name="afterMethod" finished-at="2020-08-21T22:51:23Z" duration-ms="0" status="PASS">
          <reporter-output>
          </reporter-output>
        </test-method> <!-- afterMethod -->
        <test-method is-config="true" signature="AfterClass()[pri:0, instance:com.itnycusa.creditCard.tc.UserAbleToValidateTitle@f1da57d]" started-at="2020-08-21T22:51:23Z" name="AfterClass" finished-at="2020-08-21T22:51:23Z" duration-ms="1" status="PASS">
          <reporter-output>
          </reporter-output>
        </test-method> <!-- AfterClass -->
      </class> <!-- com.itnycusa.creditCard.tc.UserAbleToValidateTitle -->
    </test> <!-- Regression -->
  </suite> <!-- Suite1 -->
</testng-results>
