<?xml version="1.0" encoding="UTF-8"?>
<!-- Generated by org.testng.reporters.JUnitXMLReporter -->
<testsuite ignored="0" hostname="mds-MacBook-Pro.local" failures="0" tests="2" name="Regression" time="12.027" errors="0" timestamp="22 Aug 2020 02:51:34 GMT">
  <testcase classname="com.itnycusa.creditCard.tc.UserAbleToValidateTitle" name="userAbleToValidateTitle" time="0.191"/>
  <testcase classname="com.itnycusa.creditCard.tc.UserAbleToValidateHeadBandComponents" name="userAbleToValidateHeadBandComponents" time="0.08"/>
</testsuite> <!-- Regression -->
